<?xml version="1.0" encoding="UTF-8"?>
<!-- Generated by org.testng.reporters.JUnitXMLReporter -->
<testsuite hostname="Bhargav-Hp" name="GRP-Regression" tests="3" failures="0" timestamp="29 Dec 2017 04:29:35 GMT" time="0.062" errors="0">
  <testcase name="testCaseFour" time="0.016" classname="com.selenium.test.groupExample"/>
  <testcase name="testCaseOne" time="0.0" classname="com.selenium.test.groupExample"/>
  <testcase name="testCaseTwo" time="0.0" classname="com.selenium.test.groupExample"/>
</testsuite> <!-- GRP-Regression -->
