<?xml version="1.0" encoding="UTF-8"?>
<!-- Generated by org.testng.reporters.JUnitXMLReporter -->
<testsuite hostname="Bhargav-Hp" name="Regression suite 1" tests="6" failures="0" timestamp="15 Apr 2018 03:31:57 GMT" time="0.076" errors="0">
  <testcase name="OpenBrowser" time="0.033" classname="com.selenium.test.Dependent"/>
  <testcase name="SignIn" time="0.001" classname="com.selenium.test.Dependent"/>
  <testcase name="LogOut" time="0.001" classname="com.selenium.test.Dependent"/>
  <testcase name="One" time="0.002" classname="com.selenium.test.Piriority"/>
  <testcase name="Four" time="0.001" classname="com.selenium.test.Piriority"/>
  <testcase name="Two" time="0.001" classname="com.selenium.test.Piriority"/>
</testsuite> <!-- Regression suite 1 -->
