<?xml version="1.0" encoding="UTF-8"?>
<testng-results skipped="0" failed="0" total="1" passed="1">
  <reporter-output>
  </reporter-output>
  <suite name="Default suite" duration-ms="372" started-at="2018-04-18T03:04:33Z" finished-at="2018-04-18T03:04:34Z">
    <groups>
    </groups>
    <test name="Default test" duration-ms="372" started-at="2018-04-18T03:04:33Z" finished-at="2018-04-18T03:04:34Z">
      <class name="com.selenium.test.Excelwritedata">
        <test-method status="PASS" signature="WritingData()[pri:0, instance:com.selenium.test.Excelwritedata@1b6a350]" name="WritingData" duration-ms="347" started-at="2018-04-18T08:34:33Z" finished-at="2018-04-18T08:34:34Z">
          <reporter-output>
          </reporter-output>
        </test-method> <!-- WritingData -->
      </class> <!-- com.selenium.test.Excelwritedata -->
    </test> <!-- Default test -->
  </suite> <!-- Default suite -->
</testng-results>
